This is pdfTeX, Version 3.14159265-2.6-1.40.16 (MiKTeX 2.9) (preloaded format=pdflatex 2017.1.4)  4 MAY 2017 14:42
entering extended mode
**./muonTelescope.tex
(muonTelescope.tex
LaTeX2e <2015/10/01> patch level 2
Babel <3.9n> and hyphenation patterns for 69 languages loaded.
("C:\linux\MiKTeX 2.9\tex\latex\base\report.cls"
Document Class: report 2014/09/29 v1.4h Standard LaTeX document class
("C:\linux\MiKTeX 2.9\tex\latex\base\size12.clo"
File: size12.clo 2014/09/29 v1.4h Standard LaTeX file (size option)
)
\c@part=\count79
\c@chapter=\count80
\c@section=\count81
\c@subsection=\count82
\c@subsubsection=\count83
\c@paragraph=\count84
\c@subparagraph=\count85
\c@figure=\count86
\c@table=\count87
\abovecaptionskip=\skip41
\belowcaptionskip=\skip42
\bibindent=\dimen102
)
("C:\linux\MiKTeX 2.9\tex\latex\geometry\geometry.sty"
Package: geometry 2010/09/12 v5.6 Page Geometry

("C:\linux\MiKTeX 2.9\tex\latex\graphics\keyval.sty"
Package: keyval 2014/10/28 v1.15 key=value parser (DPC)
\KV@toks@=\toks14
)
("C:\linux\MiKTeX 2.9\tex\generic\oberdiek\ifpdf.sty"
Package: ifpdf 2011/01/30 v2.3 Provides the ifpdf switch (HO)
Package ifpdf Info: pdfTeX in PDF mode is detected.
)
("C:\linux\MiKTeX 2.9\tex\generic\oberdiek\ifvtex.sty"
Package: ifvtex 2010/03/01 v1.5 Detect VTeX and its facilities (HO)
Package ifvtex Info: VTeX not detected.
)
("C:\linux\MiKTeX 2.9\tex\generic\ifxetex\ifxetex.sty"
Package: ifxetex 2010/09/12 v0.6 Provides ifxetex conditional
)
\Gm@cnth=\count88
\Gm@cntv=\count89
\c@Gm@tempcnt=\count90
\Gm@bindingoffset=\dimen103
\Gm@wd@mp=\dimen104
\Gm@odd@mp=\dimen105
\Gm@even@mp=\dimen106
\Gm@layoutwidth=\dimen107
\Gm@layoutheight=\dimen108
\Gm@layouthoffset=\dimen109
\Gm@layoutvoffset=\dimen110
\Gm@dimlist=\toks15

("C:\linux\MiKTeX 2.9\tex\latex\geometry\geometry.cfg"))
("C:\linux\MiKTeX 2.9\tex\latex\siunitx\siunitx.sty"
("C:\linux\MiKTeX 2.9\tex\latex\l3kernel\expl3.sty"
Package: expl3 2016/01/19 v6377 L3 programming layer (loader) 

("C:\linux\MiKTeX 2.9\tex\latex\l3kernel\expl3-code.tex"
Package: expl3 2016/01/19 v6377 L3 programming layer (code)
L3 Module: l3bootstrap 2016/01/01 v6339 L3 Bootstrap code
L3 Module: l3names 2015/12/21 v6328 L3 Namespace for primitives
L3 Module: l3basics 2015/11/22 v6315 L3 Basic definitions
L3 Module: l3expan 2015/09/10 v5983 L3 Argument expansion
L3 Module: l3tl 2015/09/29 v6121 L3 Token lists
L3 Module: l3str 2016/01/03 v6357 L3 Strings
L3 Module: l3seq 2015/08/05 v5777 L3 Sequences and stacks
L3 Module: l3int 2016/01/05 v6366 L3 Integers
\c_max_int=\count91
\l_tmpa_int=\count92
\l_tmpb_int=\count93
\g_tmpa_int=\count94
\g_tmpb_int=\count95
L3 Module: l3quark 2015/08/17 v5855 L3 Quarks
L3 Module: l3prg 2015/11/01 v6216 L3 Control structures
\g__prg_map_int=\count96
L3 Module: l3clist 2015/09/02 v5901 L3 Comma separated lists
L3 Module: l3token 2015/11/11 v6249 L3 Experimental token manipulation
L3 Module: l3prop 2016/01/05 v6366 L3 Property lists
L3 Module: l3msg 2015/09/28 v6113 L3 Messages
L3 Module: l3file 2015/12/03 v6317 L3 File and I/O operations
\l_iow_line_count_int=\count97
\l__iow_target_count_int=\count98
\l__iow_current_line_int=\count99
\l__iow_current_word_int=\count100
\l__iow_current_indentation_int=\count101
L3 Module: l3skip 2016/01/05 v6366 L3 Dimensions and skips
\c_zero_dim=\dimen111
\c_max_dim=\dimen112
\l_tmpa_dim=\dimen113
\l_tmpb_dim=\dimen114
\g_tmpa_dim=\dimen115
\g_tmpb_dim=\dimen116
\c_zero_skip=\skip43
\c_max_skip=\skip44
\l_tmpa_skip=\skip45
\l_tmpb_skip=\skip46
\g_tmpa_skip=\skip47
\g_tmpb_skip=\skip48
\c_zero_muskip=\muskip10
\c_max_muskip=\muskip11
\l_tmpa_muskip=\muskip12
\l_tmpb_muskip=\muskip13
\g_tmpa_muskip=\muskip14
\g_tmpb_muskip=\muskip15
L3 Module: l3keys 2015/11/17 v6284 L3 Key-value interfaces
\g__keyval_level_int=\count102
\l_keys_choice_int=\count103
L3 Module: l3fp 2015/08/25 v5890 L3 Floating points
\c__fp_leading_shift_int=\count104
\c__fp_middle_shift_int=\count105
\c__fp_trailing_shift_int=\count106
\c__fp_big_leading_shift_int=\count107
\c__fp_big_middle_shift_int=\count108
\c__fp_big_trailing_shift_int=\count109
\c__fp_Bigg_leading_shift_int=\count110
\c__fp_Bigg_middle_shift_int=\count111
\c__fp_Bigg_trailing_shift_int=\count112
L3 Module: l3box 2015/08/09 v5822 L3 Experimental boxes
\c_empty_box=\box26
\l_tmpa_box=\box27
\l_tmpb_box=\box28
\g_tmpa_box=\box29
\g_tmpb_box=\box30
L3 Module: l3coffins 2015/08/06 v5789 L3 Coffin code layer
\l__coffin_internal_box=\box31
\l__coffin_internal_dim=\dimen117
\l__coffin_offset_x_dim=\dimen118
\l__coffin_offset_y_dim=\dimen119
\l__coffin_x_dim=\dimen120
\l__coffin_y_dim=\dimen121
\l__coffin_x_prime_dim=\dimen122
\l__coffin_y_prime_dim=\dimen123
\c_empty_coffin=\box32
\l__coffin_aligned_coffin=\box33
\l__coffin_aligned_internal_coffin=\box34
\l_tmpa_coffin=\box35
\l_tmpb_coffin=\box36
\l__coffin_display_coffin=\box37
\l__coffin_display_coord_coffin=\box38
\l__coffin_display_pole_coffin=\box39
\l__coffin_display_offset_dim=\dimen124
\l__coffin_display_x_dim=\dimen125
\l__coffin_display_y_dim=\dimen126
L3 Module: l3color 2014/08/23 v5354 L3 Experimental color support
L3 Module: l3sys 2015/09/25 v6087 L3 Experimental system/runtime functions
L3 Module: l3candidates 2016/01/14 v6376 L3 Experimental additions to l3kernel
\l__box_top_dim=\dimen127
\l__box_bottom_dim=\dimen128
\l__box_left_dim=\dimen129
\l__box_right_dim=\dimen130
\l__box_top_new_dim=\dimen131
\l__box_bottom_new_dim=\dimen132
\l__box_left_new_dim=\dimen133
\l__box_right_new_dim=\dimen134
\l__box_internal_box=\box40
\l__coffin_bounding_shift_dim=\dimen135
\l__coffin_left_corner_dim=\dimen136
\l__coffin_right_corner_dim=\dimen137
\l__coffin_bottom_corner_dim=\dimen138
\l__coffin_top_corner_dim=\dimen139
\l__coffin_scaled_total_height_dim=\dimen140
\l__coffin_scaled_width_dim=\dimen141
L3 Module: l3luatex 2015/11/11 v6250 L3 Experimental LuaTeX-specific functions
)
("C:\linux\MiKTeX 2.9\tex\latex\l3kernel\l3pdfmode.def"
File: l3pdfmode.def 2015/11/11 v6250 L3 Experimental driver: PDF mode
\l__driver_color_stack_int=\count113
))
("C:\linux\MiKTeX 2.9\tex\latex\l3packages\xparse\xparse.sty"
Package: xparse 2016/01/19 v6377 L3 Experimental document command parser
\l__xparse_current_arg_int=\count114
\l__xparse_m_args_int=\count115
\l__xparse_mandatory_args_int=\count116
\l__xparse_processor_int=\count117
\l__xparse_v_nesting_int=\count118
)
Package: siunitx 2016/03/01 v2.6q A comprehensive (SI) units package

("C:\linux\MiKTeX 2.9\tex\latex\amsmath\amstext.sty"
Package: amstext 2000/06/29 v2.01

("C:\linux\MiKTeX 2.9\tex\latex\amsmath\amsgen.sty"
File: amsgen.sty 1999/11/30 v2.0
\@emptytoks=\toks16
\ex@=\dimen142
))
("C:\linux\MiKTeX 2.9\tex\latex\tools\array.sty"
Package: array 2014/10/28 v2.4c Tabular extension package (FMi)
\col@sep=\dimen143
\extrarowheight=\dimen144
\NC@list=\toks17
\extratabsurround=\skip49
\backup@length=\skip50
)
("C:\linux\MiKTeX 2.9\tex\latex\l3packages\l3keys2e\l3keys2e.sty"
Package: l3keys2e 2016/01/19 v6377 LaTeX2e option processing using LaTeX3 keys
)
\l__siunitx_tmp_box=\box41
\l__siunitx_tmp_dim=\dimen145
\l__siunitx_tmp_int=\count119
\l__siunitx_number_mantissa_length_int=\count120
\l__siunitx_number_uncert_length_int=\count121
\l__siunitx_round_int=\count122
\l__siunitx_process_decimal_int=\count123
\l__siunitx_process_uncertainty_int=\count124
\l__siunitx_process_fixed_int=\count125
\l__siunitx_process_integer_min_int=\count126
\l__siunitx_process_precision_int=\count127
\l__siunitx_group_min_int=\count128
\l__siunitx_angle_marker_box=\box42
\l__siunitx_angle_unit_box=\box43
\l__siunitx_angle_marker_dim=\dimen146
\l__siunitx_angle_unit_dim=\dimen147
\l__siunitx_unit_int=\count129
\l__siunitx_unit_denominator_int=\count130
\l__siunitx_unit_numerator_int=\count131
\l__siunitx_unit_prefix_int=\count132
\l__siunitx_unit_prefix_base_int=\count133
\l__siunitx_unit_prefix_gram_int=\count134
\l__siunitx_number_product_int=\count135
\c__siunitx_one_fill_skip=\skip51
\l__siunitx_table_unit_align_skip=\skip52
\l__siunitx_table_exponent_dim=\dimen148
\l__siunitx_table_integer_dim=\dimen149
\l__siunitx_table_mantissa_dim=\dimen150
\l__siunitx_table_marker_dim=\dimen151
\l__siunitx_table_result_dim=\dimen152
\l__siunitx_table_uncert_dim=\dimen153
\l__siunitx_table_fill_pre_dim=\dimen154
\l__siunitx_table_fill_post_dim=\dimen155
\l__siunitx_table_fill_mid_dim=\dimen156
\l__siunitx_table_pre_box=\box44
\l__siunitx_table_post_box=\box45
\l__siunitx_table_mantissa_box=\box46
\l__siunitx_table_result_box=\box47
\l__siunitx_table_number_align_skip=\skip53
\l__siunitx_table_text_align_skip=\skip54
.................................................
. LaTeX info: "xparse/define-command"
. 
. Defining command \DeclareBinaryPrefix with sig. 'mmm' on line 7218.
.................................................
.................................................
. LaTeX info: "xparse/define-command"
. 
. Defining command \DeclareSIPostPower with sig. 'mm' on line 7221.
.................................................
.................................................
. LaTeX info: "xparse/define-command"
. 
. Defining command \DeclareSIPrefix with sig. 'mmm' on line 7224.
.................................................
.................................................
. LaTeX info: "xparse/define-command"
. 
. Defining command \DeclareSIPrePower with sig. 'mm' on line 7227.
.................................................
.................................................
. LaTeX info: "xparse/define-command"
. 
. Defining command \DeclareSIQualifier with sig. 'mm' on line 7230.
.................................................
.................................................
. LaTeX info: "xparse/define-command"
. 
. Defining command \DeclareSIUnit with sig. 'O{}mm' on line 7233.
.................................................
.................................................
. LaTeX info: "xparse/define-command"
. 
. Defining command \DeclareSIUnitWithOptions with sig. 'mmm' on line 7236.
.................................................
.................................................
. LaTeX info: "xparse/define-command"
. 
. Defining command \ang with sig. 'o>{\SplitArgument {2}{;}}m' on line 7251.
.................................................
.................................................
. LaTeX info: "xparse/define-command"
. 
. Defining command \num with sig. 'om' on line 7260.
.................................................
.................................................
. LaTeX info: "xparse/define-command"
. 
. Defining command \numlist with sig. 'o>{\SplitList {;}}m' on line 7269.
.................................................
.................................................
. LaTeX info: "xparse/define-command"
. 
. Defining command \numrange with sig. 'omm' on line 7278.
.................................................
.................................................
. LaTeX info: "xparse/define-command"
. 
. Defining command \SIlist with sig. 'o>{\SplitList {;}}mm' on line 7290.
.................................................
.................................................
. LaTeX info: "xparse/define-command"
. 
. Defining command \SIrange with sig. 'ommm' on line 7302.
.................................................
.................................................
. LaTeX info: "xparse/define-command"
. 
. Defining command \SI with sig. 'omom' on line 7314.
.................................................
.................................................
. LaTeX info: "xparse/define-command"
. 
. Defining command \sisetup with sig. 'm' on line 7317.
.................................................
.................................................
. LaTeX info: "xparse/define-command"
. 
. Defining command \tablenum with sig. 'om' on line 7332.
.................................................
.................................................
. LaTeX info: "xparse/define-command"
. 
. Defining command \si with sig. 'om' on line 7344.
.................................................
.................................................
. LaTeX info: "xparse/define-command"
. 
. Defining command \__siunitx_bookmark_num:w with sig. 'om' on line 7391.
.................................................
.................................................
. LaTeX info: "xparse/define-command"
. 
. Defining command \__siunitx_bookmark_numrange:w with sig. 'omm' on line
. 7393.
.................................................
.................................................
. LaTeX info: "xparse/define-command"
. 
. Defining command \__siunitx_bookmark_SI:w with sig. 'omom' on line 7395.
.................................................
.................................................
. LaTeX info: "xparse/define-command"
. 
. Defining command \__siunitx_bookmark_SIlist:w with sig. 'omm' on line 7397.
.................................................
.................................................
. LaTeX info: "xparse/define-command"
. 
. Defining command \__siunitx_bookmark_SIrange:w with sig. 'ommm' on line
. 7399.
.................................................
.................................................
. LaTeX info: "xparse/define-command"
. 
. Defining command \__siunitx_bookmark_si:w with sig. 'om' on line 7400.
.................................................
\g__file_internal_ior=\read1

("C:\linux\MiKTeX 2.9\tex\latex\beamer\base\translator\translator.sty"
Package: translator 2010/06/12 ver 1.10

("C:\linux\MiKTeX 2.9\tex\latex\beamer\base\translator\translator-language-mapp
ings.tex"))) ("C:\linux\MiKTeX 2.9\tex\latex\hyperref\hyperref.sty"
Package: hyperref 2012/11/06 v6.83m Hypertext links for LaTeX

("C:\linux\MiKTeX 2.9\tex\generic\oberdiek\hobsub-hyperref.sty"
Package: hobsub-hyperref 2012/04/25 v1.12 Bundle oberdiek, subset hyperref (HO)


("C:\linux\MiKTeX 2.9\tex\generic\oberdiek\hobsub-generic.sty"
Package: hobsub-generic 2012/04/25 v1.12 Bundle oberdiek, subset generic (HO)
Package: hobsub 2012/04/25 v1.12 Construct package bundles (HO)
Package: infwarerr 2010/04/08 v1.3 Providing info/warning/error messages (HO)
Package: ltxcmds 2011/11/09 v1.22 LaTeX kernel commands for general use (HO)
Package: ifluatex 2010/03/01 v1.3 Provides the ifluatex switch (HO)
Package ifluatex Info: LuaTeX not detected.
Package hobsub Info: Skipping package `ifvtex' (already loaded).
Package: intcalc 2007/09/27 v1.1 Expandable calculations with integers (HO)
Package hobsub Info: Skipping package `ifpdf' (already loaded).
Package: etexcmds 2011/02/16 v1.5 Avoid name clashes with e-TeX commands (HO)
Package etexcmds Info: Could not find \expanded.
(etexcmds)             That can mean that you are not using pdfTeX 1.50 or
(etexcmds)             that some package has redefined \expanded.
(etexcmds)             In the latter case, load this package earlier.
Package: kvsetkeys 2012/04/25 v1.16 Key value parser (HO)
Package: kvdefinekeys 2011/04/07 v1.3 Define keys (HO)
Package: pdftexcmds 2011/11/29 v0.20 Utility functions of pdfTeX for LuaTeX (HO
)
Package pdftexcmds Info: LuaTeX not detected.
Package pdftexcmds Info: \pdf@primitive is available.
Package pdftexcmds Info: \pdf@ifprimitive is available.
Package pdftexcmds Info: \pdfdraftmode found.
Package: pdfescape 2011/11/25 v1.13 Implements pdfTeX's escape features (HO)
Package: bigintcalc 2012/04/08 v1.3 Expandable calculations on big integers (HO
)
Package: bitset 2011/01/30 v1.1 Handle bit-vector datatype (HO)
Package: uniquecounter 2011/01/30 v1.2 Provide unlimited unique counter (HO)
)
Package hobsub Info: Skipping package `hobsub' (already loaded).
Package: letltxmacro 2010/09/02 v1.4 Let assignment for LaTeX macros (HO)
Package: hopatch 2011/06/24 v1.1 Wrapper for package hooks (HO)
Package: xcolor-patch 2011/01/30 xcolor patch
Package: atveryend 2011/06/30 v1.8 Hooks at the very end of document (HO)
Package atveryend Info: \enddocument detected (standard20110627).
Package: atbegshi 2011/10/05 v1.16 At begin shipout hook (HO)
Package: refcount 2011/10/16 v3.4 Data extraction from label references (HO)
Package: hycolor 2011/01/30 v1.7 Color options for hyperref/bookmark (HO)
)
("C:\linux\MiKTeX 2.9\tex\latex\oberdiek\auxhook.sty"
Package: auxhook 2011/03/04 v1.3 Hooks for auxiliary files (HO)
)
("C:\linux\MiKTeX 2.9\tex\latex\oberdiek\kvoptions.sty"
Package: kvoptions 2011/06/30 v3.11 Key value format for package options (HO)
)
\@linkdim=\dimen157
\Hy@linkcounter=\count136
\Hy@pagecounter=\count137

("C:\linux\MiKTeX 2.9\tex\latex\hyperref\pd1enc.def"
File: pd1enc.def 2012/11/06 v6.83m Hyperref: PDFDocEncoding definition (HO)
)
\Hy@SavedSpaceFactor=\count138

("C:\linux\MiKTeX 2.9\tex\latex\00miktex\hyperref.cfg"
File: hyperref.cfg 2002/06/06 v1.2 hyperref configuration of TeXLive
)
Package hyperref Info: Hyper figures OFF on input line 4443.
Package hyperref Info: Link nesting OFF on input line 4448.
Package hyperref Info: Hyper index ON on input line 4451.
Package hyperref Info: Plain pages OFF on input line 4458.
Package hyperref Info: Backreferencing OFF on input line 4463.
Package hyperref Info: Implicit mode ON; LaTeX internals redefined.
Package hyperref Info: Bookmarks ON on input line 4688.
\c@Hy@tempcnt=\count139

("C:\linux\MiKTeX 2.9\tex\latex\url\url.sty"
\Urlmuskip=\muskip16
Package: url 2013/09/16  ver 3.4  Verb mode for urls, etc.
)
LaTeX Info: Redefining \url on input line 5041.
\XeTeXLinkMargin=\dimen158
\Fld@menulength=\count140
\Field@Width=\dimen159
\Fld@charsize=\dimen160
Package hyperref Info: Hyper figures OFF on input line 6295.
Package hyperref Info: Link nesting OFF on input line 6300.
Package hyperref Info: Hyper index ON on input line 6303.
Package hyperref Info: backreferencing OFF on input line 6310.
Package hyperref Info: Link coloring OFF on input line 6315.
Package hyperref Info: Link coloring with OCG OFF on input line 6320.
Package hyperref Info: PDF/A mode OFF on input line 6325.
LaTeX Info: Redefining \ref on input line 6365.
LaTeX Info: Redefining \pageref on input line 6369.
\Hy@abspage=\count141
\c@Item=\count142
\c@Hfootnote=\count143
)

Package hyperref Message: Driver (autodetected): hpdftex.

("C:\linux\MiKTeX 2.9\tex\latex\hyperref\hpdftex.def"
File: hpdftex.def 2012/11/06 v6.83m Hyperref driver for pdfTeX
\Fld@listcount=\count144
\c@bookmark@seq@number=\count145

("C:\linux\MiKTeX 2.9\tex\latex\oberdiek\rerunfilecheck.sty"
Package: rerunfilecheck 2011/04/15 v1.7 Rerun checks for auxiliary files (HO)
Package uniquecounter Info: New unique counter `rerunfilecheck' on input line 2
82.
)
\Hy@SectionHShift=\skip55
)
("C:\linux\MiKTeX 2.9\tex\latex\oberdiek\hypcap.sty"
Package: hypcap 2011/02/16 v1.11 Adjusting the anchors of captions (HO)
)
("C:\linux\MiKTeX 2.9\tex\latex\l3packages\xfrac\xfrac.sty"
("C:\linux\MiKTeX 2.9\tex\latex\graphics\graphicx.sty"
Package: graphicx 2014/10/28 v1.0g Enhanced LaTeX Graphics (DPC,SPQR)

("C:\linux\MiKTeX 2.9\tex\latex\graphics\graphics.sty"
Package: graphics 2014/10/28 v1.0p Standard LaTeX Graphics (DPC,SPQR)

("C:\linux\MiKTeX 2.9\tex\latex\graphics\trig.sty"
Package: trig 1999/03/16 v1.09 sin cos tan (DPC)
)
("C:\linux\MiKTeX 2.9\tex\latex\00miktex\graphics.cfg"
File: graphics.cfg 2007/01/18 v1.5 graphics configuration of teTeX/TeXLive
)
Package graphics Info: Driver file: pdftex.def on input line 94.

("C:\linux\MiKTeX 2.9\tex\latex\pdftex-def\pdftex.def"
File: pdftex.def 2011/05/27 v0.06d Graphics/color for pdfTeX
\Gread@gobject=\count146
))
\Gin@req@height=\dimen161
\Gin@req@width=\dimen162
)
("C:\linux\MiKTeX 2.9\tex\latex\base\textcomp.sty"
Package: textcomp 2005/09/27 v1.99g Standard LaTeX package
Package textcomp Info: Sub-encoding information:
(textcomp)               5 = only ISO-Adobe without \textcurrency
(textcomp)               4 = 5 + \texteuro
(textcomp)               3 = 4 + \textohm
(textcomp)               2 = 3 + \textestimated + \textcurrency
(textcomp)               1 = TS1 - \textcircled - \t
(textcomp)               0 = TS1 (full)
(textcomp)             Font families with sub-encoding setting implement
(textcomp)             only a restricted character set as indicated.
(textcomp)             Family '?' is the default used for unknown fonts.
(textcomp)             See the documentation for details.
Package textcomp Info: Setting ? sub-encoding to TS1/1 on input line 79.

("C:\linux\MiKTeX 2.9\tex\latex\base\ts1enc.def"
File: ts1enc.def 2001/06/05 v3.0e (jk/car/fm) Standard LaTeX file
)
LaTeX Info: Redefining \oldstylenums on input line 334.
Package textcomp Info: Setting cmr sub-encoding to TS1/0 on input line 349.
Package textcomp Info: Setting cmss sub-encoding to TS1/0 on input line 350.
Package textcomp Info: Setting cmtt sub-encoding to TS1/0 on input line 351.
Package textcomp Info: Setting cmvtt sub-encoding to TS1/0 on input line 352.
Package textcomp Info: Setting cmbr sub-encoding to TS1/0 on input line 353.
Package textcomp Info: Setting cmtl sub-encoding to TS1/0 on input line 354.
Package textcomp Info: Setting ccr sub-encoding to TS1/0 on input line 355.
Package textcomp Info: Setting ptm sub-encoding to TS1/4 on input line 356.
Package textcomp Info: Setting pcr sub-encoding to TS1/4 on input line 357.
Package textcomp Info: Setting phv sub-encoding to TS1/4 on input line 358.
Package textcomp Info: Setting ppl sub-encoding to TS1/3 on input line 359.
Package textcomp Info: Setting pag sub-encoding to TS1/4 on input line 360.
Package textcomp Info: Setting pbk sub-encoding to TS1/4 on input line 361.
Package textcomp Info: Setting pnc sub-encoding to TS1/4 on input line 362.
Package textcomp Info: Setting pzc sub-encoding to TS1/4 on input line 363.
Package textcomp Info: Setting bch sub-encoding to TS1/4 on input line 364.
Package textcomp Info: Setting put sub-encoding to TS1/5 on input line 365.
Package textcomp Info: Setting uag sub-encoding to TS1/5 on input line 366.
Package textcomp Info: Setting ugq sub-encoding to TS1/5 on input line 367.
Package textcomp Info: Setting ul8 sub-encoding to TS1/4 on input line 368.
Package textcomp Info: Setting ul9 sub-encoding to TS1/4 on input line 369.
Package textcomp Info: Setting augie sub-encoding to TS1/5 on input line 370.
Package textcomp Info: Setting dayrom sub-encoding to TS1/3 on input line 371.
Package textcomp Info: Setting dayroms sub-encoding to TS1/3 on input line 372.

Package textcomp Info: Setting pxr sub-encoding to TS1/0 on input line 373.
Package textcomp Info: Setting pxss sub-encoding to TS1/0 on input line 374.
Package textcomp Info: Setting pxtt sub-encoding to TS1/0 on input line 375.
Package textcomp Info: Setting txr sub-encoding to TS1/0 on input line 376.
Package textcomp Info: Setting txss sub-encoding to TS1/0 on input line 377.
Package textcomp Info: Setting txtt sub-encoding to TS1/0 on input line 378.
Package textcomp Info: Setting lmr sub-encoding to TS1/0 on input line 379.
Package textcomp Info: Setting lmdh sub-encoding to TS1/0 on input line 380.
Package textcomp Info: Setting lmss sub-encoding to TS1/0 on input line 381.
Package textcomp Info: Setting lmssq sub-encoding to TS1/0 on input line 382.
Package textcomp Info: Setting lmvtt sub-encoding to TS1/0 on input line 383.
Package textcomp Info: Setting lmtt sub-encoding to TS1/0 on input line 384.
Package textcomp Info: Setting qhv sub-encoding to TS1/0 on input line 385.
Package textcomp Info: Setting qag sub-encoding to TS1/0 on input line 386.
Package textcomp Info: Setting qbk sub-encoding to TS1/0 on input line 387.
Package textcomp Info: Setting qcr sub-encoding to TS1/0 on input line 388.
Package textcomp Info: Setting qcs sub-encoding to TS1/0 on input line 389.
Package textcomp Info: Setting qpl sub-encoding to TS1/0 on input line 390.
Package textcomp Info: Setting qtm sub-encoding to TS1/0 on input line 391.
Package textcomp Info: Setting qzc sub-encoding to TS1/0 on input line 392.
Package textcomp Info: Setting qhvc sub-encoding to TS1/0 on input line 393.
Package textcomp Info: Setting futs sub-encoding to TS1/4 on input line 394.
Package textcomp Info: Setting futx sub-encoding to TS1/4 on input line 395.
Package textcomp Info: Setting futj sub-encoding to TS1/4 on input line 396.
Package textcomp Info: Setting hlh sub-encoding to TS1/3 on input line 397.
Package textcomp Info: Setting hls sub-encoding to TS1/3 on input line 398.
Package textcomp Info: Setting hlst sub-encoding to TS1/3 on input line 399.
Package textcomp Info: Setting hlct sub-encoding to TS1/5 on input line 400.
Package textcomp Info: Setting hlx sub-encoding to TS1/5 on input line 401.
Package textcomp Info: Setting hlce sub-encoding to TS1/5 on input line 402.
Package textcomp Info: Setting hlcn sub-encoding to TS1/5 on input line 403.
Package textcomp Info: Setting hlcw sub-encoding to TS1/5 on input line 404.
Package textcomp Info: Setting hlcf sub-encoding to TS1/5 on input line 405.
Package textcomp Info: Setting pplx sub-encoding to TS1/3 on input line 406.
Package textcomp Info: Setting pplj sub-encoding to TS1/3 on input line 407.
Package textcomp Info: Setting ptmx sub-encoding to TS1/4 on input line 408.
Package textcomp Info: Setting ptmj sub-encoding to TS1/4 on input line 409.
)
("C:\linux\MiKTeX 2.9\tex\latex\l3packages\xtemplate\xtemplate.sty"
Package: xtemplate 2016/01/19 v6377 L3 Experimental prototype document function
s
\l__xtemplate_tmp_dim=\dimen163
\l__xtemplate_tmp_int=\count147
\l__xtemplate_tmp_muskip=\muskip17
\l__xtemplate_tmp_skip=\skip56
)
Package: xfrac 2016/01/19 v6377 L3 Experimental split-level fractions
\l__xfrac_slash_box=\box48
\l__xfrac_tmp_box=\box49
\l__xfrac_denominator_bot_sep_dim=\dimen164
\l__xfrac_numerator_bot_sep_dim=\dimen165
\l__xfrac_numerator_top_sep_dim=\dimen166
\l__xfrac_slash_left_sep_dim=\dimen167
\l__xfrac_slash_right_sep_dim=\dimen168
\l__xfrac_slash_left_muskip=\muskip18
\l__xfrac_slash_right_muskip=\muskip19
.................................................
. xtemplate info: "declare-object-type"
. 
. Declaring object type 'xfrac' taking 3 argument(s) on line 111.
.................................................
.................................................
. LaTeX info: "xparse/define-command"
. 
. Defining command \sfrac with sig. 'omom' on line 451.
.................................................
)
(C:\Users\sawaiz\AppData\Roaming\MiKTeX\2.9\tex\latex\adjustbox\adjustbox.sty
Package: adjustbox 2012/05/21 v1.0 Adjusting TeX boxes (trim, clip, ...)

("C:\linux\MiKTeX 2.9\tex\latex\xkeyval\xkeyval.sty"
Package: xkeyval 2014/12/03 v2.7a package option processing (HA)

("C:\linux\MiKTeX 2.9\tex\generic\xkeyval\xkeyval.tex"
("C:\linux\MiKTeX 2.9\tex\generic\xkeyval\xkvutils.tex"
\XKV@toks=\toks18
\XKV@tempa@toks=\toks19
)
\XKV@depth=\count148
File: xkeyval.tex 2014/12/03 v2.7a key=value parser (HA)
))
(C:\Users\sawaiz\AppData\Roaming\MiKTeX\2.9\tex\latex\adjustbox\adjcalc.sty
Package: adjcalc 2012/05/16 v1.1 Provides advanced setlength with multiple back
-ends (calc, etex, pgfmath)
)
(C:\Users\sawaiz\AppData\Roaming\MiKTeX\2.9\tex\latex\adjustbox\trimclip.sty
Package: trimclip 2012/05/16 v1.0 Trim and clip general TeX material

(C:\Users\sawaiz\AppData\Roaming\MiKTeX\2.9\tex\latex\collectbox\collectbox.sty
Package: collectbox 2012/05/17 v0.4b Collect macro arguments as boxes
\collectedbox=\box50
)
\tc@llx=\dimen169
\tc@lly=\dimen170
\tc@urx=\dimen171
\tc@ury=\dimen172
Package trimclip Info: Using driver 'tc-pdftex.def'.
 (C:\Users\sawaiz\AppData\Roaming\MiKTeX\2.9\tex\latex\adjustbox\tc-pdftex.def
File: tc-pdftex.def 2012/05/13 v1.0 Clipping driver for pdftex
))
\adjbox@Width=\dimen173
\adjbox@Height=\dimen174
\adjbox@Depth=\dimen175
\adjbox@Totalheight=\dimen176

(C:\Users\sawaiz\AppData\Roaming\MiKTeX\2.9\tex\latex\ifoddpage\ifoddpage.sty
Package: ifoddpage 2016/04/23 v1.1 Conditionals for odd/even page detection
\c@checkoddpage=\count149
)
("C:\linux\MiKTeX 2.9\tex\latex\ltxmisc\varwidth.sty"
Package: varwidth 2009/03/30 ver 0.92;  Variable-width minipages
\@vwid@box=\box51
\sift@deathcycles=\count150
\@vwid@loff=\dimen177
\@vwid@roff=\dimen178
))
("C:\linux\MiKTeX 2.9\tex\latex\pdfpages\pdfpages.sty"
Package: pdfpages 2016/12/11 v0.5g Insert pages of external PDF documents (AM)

("C:\linux\MiKTeX 2.9\tex\latex\base\ifthen.sty"
Package: ifthen 2014/09/29 v1.1c Standard LaTeX ifthen package (DPC)
)
("C:\linux\MiKTeX 2.9\tex\latex\tools\calc.sty"
Package: calc 2014/10/28 v4.3 Infix arithmetic (KKT,FJ)
\calc@Acount=\count151
\calc@Bcount=\count152
\calc@Adimen=\dimen179
\calc@Bdimen=\dimen180
\calc@Askip=\skip57
\calc@Bskip=\skip58
LaTeX Info: Redefining \setlength on input line 80.
LaTeX Info: Redefining \addtolength on input line 81.
\calc@Ccount=\count153
\calc@Cskip=\skip59
)
("C:\linux\MiKTeX 2.9\tex\latex\eso-pic\eso-pic.sty"
Package: eso-pic 2015/07/21 v2.0g eso-pic (RN)

("C:\linux\MiKTeX 2.9\tex\latex\xcolor\xcolor.sty"
Package: xcolor 2007/01/21 v2.11 LaTeX color extensions (UK)

("C:\linux\MiKTeX 2.9\tex\latex\00miktex\color.cfg"
File: color.cfg 2007/01/18 v1.5 color configuration of teTeX/TeXLive
)
Package xcolor Info: Driver file: pdftex.def on input line 225.
Package xcolor Info: Model `cmy' substituted by `cmy0' on input line 1337.
Package xcolor Info: Model `hsb' substituted by `rgb' on input line 1341.
Package xcolor Info: Model `RGB' extended on input line 1353.
Package xcolor Info: Model `HTML' substituted by `rgb' on input line 1355.
Package xcolor Info: Model `Hsb' substituted by `hsb' on input line 1356.
Package xcolor Info: Model `tHsb' substituted by `hsb' on input line 1357.
Package xcolor Info: Model `HSB' substituted by `hsb' on input line 1358.
Package xcolor Info: Model `Gray' substituted by `gray' on input line 1359.
Package xcolor Info: Model `wave' substituted by `hsb' on input line 1360.
))
\AM@pagewidth=\dimen181
\AM@pageheight=\dimen182

("C:\linux\MiKTeX 2.9\tex\latex\pdfpages\pppdftex.def"
File: pppdftex.def 2016/12/11 v0.5g Pdfpages driver for pdfTeX (AM)
)
\AM@pagebox=\box52
\AM@global@opts=\toks20
\AM@toc@title=\toks21
\c@AM@survey=\count154
\AM@templatesizebox=\box53
)
("C:\linux\MiKTeX 2.9\tex\latex\pgf\frontendlayer\tikz.sty"
("C:\linux\MiKTeX 2.9\tex\latex\pgf\basiclayer\pgf.sty"
("C:\linux\MiKTeX 2.9\tex\latex\pgf\utilities\pgfrcs.sty"
("C:\linux\MiKTeX 2.9\tex\generic\pgf\utilities\pgfutil-common.tex"
\pgfutil@everybye=\toks22
\pgfutil@tempdima=\dimen183
\pgfutil@tempdimb=\dimen184

("C:\linux\MiKTeX 2.9\tex\generic\pgf\utilities\pgfutil-common-lists.tex"))
("C:\linux\MiKTeX 2.9\tex\generic\pgf\utilities\pgfutil-latex.def"
\pgfutil@abb=\box54

("C:\linux\MiKTeX 2.9\tex\latex\ms\everyshi.sty"
Package: everyshi 2001/05/15 v3.00 EveryShipout Package (MS)
))
("C:\linux\MiKTeX 2.9\tex\generic\pgf\utilities\pgfrcs.code.tex"
Package: pgfrcs 2015/08/07 v3.0.1a (rcs-revision 1.31)
))
Package: pgf 2015/08/07 v3.0.1a (rcs-revision 1.15)

("C:\linux\MiKTeX 2.9\tex\latex\pgf\basiclayer\pgfcore.sty"
("C:\linux\MiKTeX 2.9\tex\latex\pgf\systemlayer\pgfsys.sty"
("C:\linux\MiKTeX 2.9\tex\generic\pgf\systemlayer\pgfsys.code.tex"
Package: pgfsys 2014/07/09 v3.0.1a (rcs-revision 1.48)

("C:\linux\MiKTeX 2.9\tex\generic\pgf\utilities\pgfkeys.code.tex"
\pgfkeys@pathtoks=\toks23
\pgfkeys@temptoks=\toks24

("C:\linux\MiKTeX 2.9\tex\generic\pgf\utilities\pgfkeysfiltered.code.tex"
\pgfkeys@tmptoks=\toks25
))
\pgf@x=\dimen185
\pgf@y=\dimen186
\pgf@xa=\dimen187
\pgf@ya=\dimen188
\pgf@xb=\dimen189
\pgf@yb=\dimen190
\pgf@xc=\dimen191
\pgf@yc=\dimen192
\w@pgf@writea=\write3
\r@pgf@reada=\read2
\c@pgf@counta=\count155
\c@pgf@countb=\count156
\c@pgf@countc=\count157
\c@pgf@countd=\count158
\t@pgf@toka=\toks26
\t@pgf@tokb=\toks27
\t@pgf@tokc=\toks28

("C:\linux\MiKTeX 2.9\tex\generic\pgf\systemlayer\pgf.cfg"
File: pgf.cfg 2008/05/14  (rcs-revision 1.7)
)
Driver file for pgf: pgfsys-pdftex.def

("C:\linux\MiKTeX 2.9\tex\generic\pgf\systemlayer\pgfsys-pdftex.def"
File: pgfsys-pdftex.def 2014/10/11  (rcs-revision 1.35)

("C:\linux\MiKTeX 2.9\tex\generic\pgf\systemlayer\pgfsys-common-pdf.def"
File: pgfsys-common-pdf.def 2013/10/10  (rcs-revision 1.13)
)))
("C:\linux\MiKTeX 2.9\tex\generic\pgf\systemlayer\pgfsyssoftpath.code.tex"
File: pgfsyssoftpath.code.tex 2013/09/09  (rcs-revision 1.9)
\pgfsyssoftpath@smallbuffer@items=\count159
\pgfsyssoftpath@bigbuffer@items=\count160
)
("C:\linux\MiKTeX 2.9\tex\generic\pgf\systemlayer\pgfsysprotocol.code.tex"
File: pgfsysprotocol.code.tex 2006/10/16  (rcs-revision 1.4)
))
("C:\linux\MiKTeX 2.9\tex\generic\pgf\basiclayer\pgfcore.code.tex"
Package: pgfcore 2010/04/11 v3.0.1a (rcs-revision 1.7)

("C:\linux\MiKTeX 2.9\tex\generic\pgf\math\pgfmath.code.tex"
("C:\linux\MiKTeX 2.9\tex\generic\pgf\math\pgfmathcalc.code.tex"
("C:\linux\MiKTeX 2.9\tex\generic\pgf\math\pgfmathutil.code.tex")
("C:\linux\MiKTeX 2.9\tex\generic\pgf\math\pgfmathparser.code.tex"
\pgfmath@dimen=\dimen193
\pgfmath@count=\count161
\pgfmath@box=\box55
\pgfmath@toks=\toks29
\pgfmath@stack@operand=\toks30
\pgfmath@stack@operation=\toks31
)
("C:\linux\MiKTeX 2.9\tex\generic\pgf\math\pgfmathfunctions.code.tex"
("C:\linux\MiKTeX 2.9\tex\generic\pgf\math\pgfmathfunctions.basic.code.tex")
("C:\linux\MiKTeX 2.9\tex\generic\pgf\math\pgfmathfunctions.trigonometric.code.
tex")
("C:\linux\MiKTeX 2.9\tex\generic\pgf\math\pgfmathfunctions.random.code.tex")
("C:\linux\MiKTeX 2.9\tex\generic\pgf\math\pgfmathfunctions.comparison.code.tex
") ("C:\linux\MiKTeX 2.9\tex\generic\pgf\math\pgfmathfunctions.base.code.tex")
("C:\linux\MiKTeX 2.9\tex\generic\pgf\math\pgfmathfunctions.round.code.tex")
("C:\linux\MiKTeX 2.9\tex\generic\pgf\math\pgfmathfunctions.misc.code.tex")
("C:\linux\MiKTeX 2.9\tex\generic\pgf\math\pgfmathfunctions.integerarithmetics.
code.tex"))) ("C:\linux\MiKTeX 2.9\tex\generic\pgf\math\pgfmathfloat.code.tex"
\c@pgfmathroundto@lastzeros=\count162
)) ("C:\linux\MiKTeX 2.9\tex\generic\pgf\basiclayer\pgfcorepoints.code.tex"
File: pgfcorepoints.code.tex 2013/10/07  (rcs-revision 1.27)
\pgf@picminx=\dimen194
\pgf@picmaxx=\dimen195
\pgf@picminy=\dimen196
\pgf@picmaxy=\dimen197
\pgf@pathminx=\dimen198
\pgf@pathmaxx=\dimen199
\pgf@pathminy=\dimen256
\pgf@pathmaxy=\dimen257
\pgf@xx=\dimen258
\pgf@xy=\dimen259
\pgf@yx=\dimen260
\pgf@yy=\dimen261
\pgf@zx=\dimen262
\pgf@zy=\dimen263
)
("C:\linux\MiKTeX 2.9\tex\generic\pgf\basiclayer\pgfcorepathconstruct.code.tex"
File: pgfcorepathconstruct.code.tex 2013/10/07  (rcs-revision 1.29)
\pgf@path@lastx=\dimen264
\pgf@path@lasty=\dimen265
) ("C:\linux\MiKTeX 2.9\tex\generic\pgf\basiclayer\pgfcorepathusage.code.tex"
File: pgfcorepathusage.code.tex 2014/11/02  (rcs-revision 1.24)
\pgf@shorten@end@additional=\dimen266
\pgf@shorten@start@additional=\dimen267
)
("C:\linux\MiKTeX 2.9\tex\generic\pgf\basiclayer\pgfcorescopes.code.tex"
File: pgfcorescopes.code.tex 2015/05/08  (rcs-revision 1.46)
\pgfpic=\box56
\pgf@hbox=\box57
\pgf@layerbox@main=\box58
\pgf@picture@serial@count=\count163
)
("C:\linux\MiKTeX 2.9\tex\generic\pgf\basiclayer\pgfcoregraphicstate.code.tex"
File: pgfcoregraphicstate.code.tex 2014/11/02  (rcs-revision 1.12)
\pgflinewidth=\dimen268
)
("C:\linux\MiKTeX 2.9\tex\generic\pgf\basiclayer\pgfcoretransformations.code.te
x"
File: pgfcoretransformations.code.tex 2015/08/07  (rcs-revision 1.20)
\pgf@pt@x=\dimen269
\pgf@pt@y=\dimen270
\pgf@pt@temp=\dimen271
) ("C:\linux\MiKTeX 2.9\tex\generic\pgf\basiclayer\pgfcorequick.code.tex"
File: pgfcorequick.code.tex 2008/10/09  (rcs-revision 1.3)
)
("C:\linux\MiKTeX 2.9\tex\generic\pgf\basiclayer\pgfcoreobjects.code.tex"
File: pgfcoreobjects.code.tex 2006/10/11  (rcs-revision 1.2)
)
("C:\linux\MiKTeX 2.9\tex\generic\pgf\basiclayer\pgfcorepathprocessing.code.tex
"
File: pgfcorepathprocessing.code.tex 2013/09/09  (rcs-revision 1.9)
) ("C:\linux\MiKTeX 2.9\tex\generic\pgf\basiclayer\pgfcorearrows.code.tex"
File: pgfcorearrows.code.tex 2015/05/14  (rcs-revision 1.43)
\pgfarrowsep=\dimen272
)
("C:\linux\MiKTeX 2.9\tex\generic\pgf\basiclayer\pgfcoreshade.code.tex"
File: pgfcoreshade.code.tex 2013/07/15  (rcs-revision 1.15)
\pgf@max=\dimen273
\pgf@sys@shading@range@num=\count164
)
("C:\linux\MiKTeX 2.9\tex\generic\pgf\basiclayer\pgfcoreimage.code.tex"
File: pgfcoreimage.code.tex 2013/07/15  (rcs-revision 1.18)

("C:\linux\MiKTeX 2.9\tex\generic\pgf\basiclayer\pgfcoreexternal.code.tex"
File: pgfcoreexternal.code.tex 2014/07/09  (rcs-revision 1.21)
\pgfexternal@startupbox=\box59
))
("C:\linux\MiKTeX 2.9\tex\generic\pgf\basiclayer\pgfcorelayers.code.tex"
File: pgfcorelayers.code.tex 2013/07/18  (rcs-revision 1.7)
)
("C:\linux\MiKTeX 2.9\tex\generic\pgf\basiclayer\pgfcoretransparency.code.tex"
File: pgfcoretransparency.code.tex 2013/09/30  (rcs-revision 1.5)
) ("C:\linux\MiKTeX 2.9\tex\generic\pgf\basiclayer\pgfcorepatterns.code.tex"
File: pgfcorepatterns.code.tex 2013/11/07  (rcs-revision 1.5)
)))
("C:\linux\MiKTeX 2.9\tex\generic\pgf\modules\pgfmoduleshapes.code.tex"
File: pgfmoduleshapes.code.tex 2014/03/21  (rcs-revision 1.35)
\pgfnodeparttextbox=\box60
)
("C:\linux\MiKTeX 2.9\tex\generic\pgf\modules\pgfmoduleplot.code.tex"
File: pgfmoduleplot.code.tex 2015/08/03  (rcs-revision 1.13)
)
("C:\linux\MiKTeX 2.9\tex\latex\pgf\compatibility\pgfcomp-version-0-65.sty"
Package: pgfcomp-version-0-65 2007/07/03 v3.0.1a (rcs-revision 1.7)
\pgf@nodesepstart=\dimen274
\pgf@nodesepend=\dimen275
)
("C:\linux\MiKTeX 2.9\tex\latex\pgf\compatibility\pgfcomp-version-1-18.sty"
Package: pgfcomp-version-1-18 2007/07/23 v3.0.1a (rcs-revision 1.1)
))
("C:\linux\MiKTeX 2.9\tex\latex\pgf\utilities\pgffor.sty"
("C:\linux\MiKTeX 2.9\tex\latex\pgf\utilities\pgfkeys.sty"
("C:\linux\MiKTeX 2.9\tex\generic\pgf\utilities\pgfkeys.code.tex"))
("C:\linux\MiKTeX 2.9\tex\latex\pgf\math\pgfmath.sty"
("C:\linux\MiKTeX 2.9\tex\generic\pgf\math\pgfmath.code.tex"))
("C:\linux\MiKTeX 2.9\tex\generic\pgf\utilities\pgffor.code.tex"
Package: pgffor 2013/12/13 v3.0.1a (rcs-revision 1.25)

("C:\linux\MiKTeX 2.9\tex\generic\pgf\math\pgfmath.code.tex")
\pgffor@iter=\dimen276
\pgffor@skip=\dimen277
\pgffor@stack=\toks32
\pgffor@toks=\toks33
))
("C:\linux\MiKTeX 2.9\tex\generic\pgf\frontendlayer\tikz\tikz.code.tex"
Package: tikz 2015/08/07 v3.0.1a (rcs-revision 1.151)

("C:\linux\MiKTeX 2.9\tex\generic\pgf\libraries\pgflibraryplothandlers.code.tex
"
File: pgflibraryplothandlers.code.tex 2013/08/31 v3.0.1a (rcs-revision 1.20)
\pgf@plot@mark@count=\count165
\pgfplotmarksize=\dimen278
)
\tikz@lastx=\dimen279
\tikz@lasty=\dimen280
\tikz@lastxsaved=\dimen281
\tikz@lastysaved=\dimen282
\tikzleveldistance=\dimen283
\tikzsiblingdistance=\dimen284
\tikz@figbox=\box61
\tikz@figbox@bg=\box62
\tikz@tempbox=\box63
\tikz@tempbox@bg=\box64
\tikztreelevel=\count166
\tikznumberofchildren=\count167
\tikznumberofcurrentchild=\count168
\tikz@fig@count=\count169
 ("C:\linux\MiKTeX 2.9\tex\generic\pgf\modules\pgfmodulematrix.code.tex"
File: pgfmodulematrix.code.tex 2013/09/17  (rcs-revision 1.8)
\pgfmatrixcurrentrow=\count170
\pgfmatrixcurrentcolumn=\count171
\pgf@matrix@numberofcolumns=\count172
)
\tikz@expandcount=\count173

("C:\linux\MiKTeX 2.9\tex\generic\pgf\frontendlayer\tikz\libraries\tikzlibraryt
opaths.code.tex"
File: tikzlibrarytopaths.code.tex 2008/06/17 v3.0.1a (rcs-revision 1.2)
)))
("C:\linux\MiKTeX 2.9\tex\generic\pgf\frontendlayer\tikz\libraries\tikzlibrarys
hapes.code.tex"
File: tikzlibraryshapes.code.tex 2008/01/09 v3.0.1a (rcs-revision 1.1)

("C:\linux\MiKTeX 2.9\tex\generic\pgf\frontendlayer\tikz\libraries\tikzlibrarys
hapes.geometric.code.tex"
File: tikzlibraryshapes.geometric.code.tex 2008/01/09 v3.0.1a (rcs-revision 1.1
)

("C:\linux\MiKTeX 2.9\tex\generic\pgf\libraries\shapes\pgflibraryshapes.geometr
ic.code.tex"
File: pgflibraryshapes.geometric.code.tex 2008/06/26 v3.0.1a (rcs-revision 1.1)

))
("C:\linux\MiKTeX 2.9\tex\generic\pgf\frontendlayer\tikz\libraries\tikzlibrarys
hapes.misc.code.tex"
File: tikzlibraryshapes.misc.code.tex 2008/01/09 v3.0.1a (rcs-revision 1.1)

("C:\linux\MiKTeX 2.9\tex\generic\pgf\libraries\shapes\pgflibraryshapes.misc.co
de.tex"
File: pgflibraryshapes.misc.code.tex 2013/07/18 v3.0.1a (rcs-revision 1.5)
))
("C:\linux\MiKTeX 2.9\tex\generic\pgf\frontendlayer\tikz\libraries\tikzlibrarys
hapes.symbols.code.tex"
File: tikzlibraryshapes.symbols.code.tex 2008/01/09 v3.0.1a (rcs-revision 1.1)

("C:\linux\MiKTeX 2.9\tex\generic\pgf\libraries\shapes\pgflibraryshapes.symbols
.code.tex"
File: pgflibraryshapes.symbols.code.tex 2013/09/11 v3.0.1a (rcs-revision 1.6)
))
("C:\linux\MiKTeX 2.9\tex\generic\pgf\frontendlayer\tikz\libraries\tikzlibrarys
hapes.arrows.code.tex"
File: tikzlibraryshapes.arrows.code.tex 2008/01/09 v3.0.1a (rcs-revision 1.1)

("C:\linux\MiKTeX 2.9\tex\generic\pgf\libraries\shapes\pgflibraryshapes.arrows.
code.tex"
File: pgflibraryshapes.arrows.code.tex 2008/06/26 v3.0.1a (rcs-revision 1.1)
))
("C:\linux\MiKTeX 2.9\tex\generic\pgf\frontendlayer\tikz\libraries\tikzlibrarys
hapes.callouts.code.tex"
("C:\linux\MiKTeX 2.9\tex\generic\pgf\libraries\shapes\pgflibraryshapes.callout
s.code.tex"))
("C:\linux\MiKTeX 2.9\tex\generic\pgf\frontendlayer\tikz\libraries\tikzlibrarys
hapes.multipart.code.tex"
File: tikzlibraryshapes.multipart.code.tex 2008/01/09 v3.0.1a (rcs-revision 1.1
)

("C:\linux\MiKTeX 2.9\tex\generic\pgf\libraries\shapes\pgflibraryshapes.multipa
rt.code.tex"
File: pgflibraryshapes.multipart.code.tex 2010/01/07 v3.0.1a (rcs-revision 1.2)

\pgfnodepartlowerbox=\box65
\pgfnodeparttwobox=\box66
\pgfnodepartthreebox=\box67
\pgfnodepartfourbox=\box68
\pgfnodeparttwentybox=\box69
\pgfnodepartnineteenbox=\box70
\pgfnodeparteighteenbox=\box71
\pgfnodepartseventeenbox=\box72
\pgfnodepartsixteenbox=\box73
\pgfnodepartfifteenbox=\box74
\pgfnodepartfourteenbox=\box75
\pgfnodepartthirteenbox=\box76
\pgfnodeparttwelvebox=\box77
\pgfnodepartelevenbox=\box78
\pgfnodeparttenbox=\box79
\pgfnodepartninebox=\box80
\pgfnodeparteightbox=\box81
\pgfnodepartsevenbox=\box82
\pgfnodepartsixbox=\box83
\pgfnodepartfivebox=\box84
)))
("C:\linux\MiKTeX 2.9\tex\generic\pgf\frontendlayer\tikz\libraries\tikzlibrarya
rrows.code.tex"
File: tikzlibraryarrows.code.tex 2008/01/09 v3.0.1a (rcs-revision 1.1)

("C:\linux\MiKTeX 2.9\tex\generic\pgf\libraries\pgflibraryarrows.code.tex"
File: pgflibraryarrows.code.tex 2013/09/23 v3.0.1a (rcs-revision 1.16)
\arrowsize=\dimen285
))
(C:\Users\sawaiz\AppData\Roaming\MiKTeX\2.9\tex\latex\listings\listings.sty
\lst@mode=\count174
\lst@gtempboxa=\box85
\lst@token=\toks34
\lst@length=\count175
\lst@currlwidth=\dimen286
\lst@column=\count176
\lst@pos=\count177
\lst@lostspace=\dimen287
\lst@width=\dimen288
\lst@newlines=\count178
\lst@lineno=\count179
\lst@maxwidth=\dimen289

(C:\Users\sawaiz\AppData\Roaming\MiKTeX\2.9\tex\latex\listings\lstmisc.sty
File: lstmisc.sty 2015/06/04 1.6 (Carsten Heinz)
\c@lstnumber=\count180
\lst@skipnumbers=\count181
\lst@framebox=\box86
)
(C:\Users\sawaiz\AppData\Roaming\MiKTeX\2.9\tex\latex\listings\listings.cfg
File: listings.cfg 2015/06/04 1.6 listings configuration
))
Package: listings 2015/06/04 1.6 (Carsten Heinz)

("C:\linux\MiKTeX 2.9\tex\latex\titlesec\titlesec.sty"
Package: titlesec 2016/03/21 v2.10.2 Sectioning titles
\ttl@box=\box87
\beforetitleunit=\skip60
\aftertitleunit=\skip61
\ttl@plus=\dimen290
\ttl@minus=\dimen291
\ttl@toksa=\toks35
\titlewidth=\dimen292
\titlewidthlast=\dimen293
\titlewidthfirst=\dimen294
)
(C:\Users\sawaiz\AppData\Roaming\MiKTeX\2.9\tex\latex\listings\lstlang1.sty
File: lstlang1.sty 2015/06/04 1.6 listings language file
)
("C:\linux\MiKTeX 2.9\tex\latex\oberdiek\pdflscape.sty"
Package: pdflscape 2008/08/11 v0.10 Display of landscape pages in PDF (HO)

("C:\linux\MiKTeX 2.9\tex\latex\graphics\lscape.sty"
Package: lscape 2000/10/22 v3.01 Landscape Pages (DPC)
)
Package pdflscape Info: Auto-detected driver: pdftex on input line 80.
) (muonTelescope.aux

LaTeX Warning: Label `tab:mppcSesnorBOM' multiply defined.


LaTeX Warning: Label `tab:pinOut' multiply defined.

)
\openout1 = `muonTelescope.aux'.

LaTeX Font Info:    Checking defaults for OML/cmm/m/it on input line 94.
LaTeX Font Info:    ... okay on input line 94.
LaTeX Font Info:    Checking defaults for T1/cmr/m/n on input line 94.
LaTeX Font Info:    ... okay on input line 94.
LaTeX Font Info:    Checking defaults for OT1/cmr/m/n on input line 94.
LaTeX Font Info:    ... okay on input line 94.
LaTeX Font Info:    Checking defaults for OMS/cmsy/m/n on input line 94.
LaTeX Font Info:    ... okay on input line 94.
LaTeX Font Info:    Checking defaults for OMX/cmex/m/n on input line 94.
LaTeX Font Info:    ... okay on input line 94.
LaTeX Font Info:    Checking defaults for U/cmr/m/n on input line 94.
LaTeX Font Info:    ... okay on input line 94.
LaTeX Font Info:    Checking defaults for PD1/pdf/m/n on input line 94.
LaTeX Font Info:    ... okay on input line 94.
LaTeX Font Info:    Checking defaults for TS1/cmr/m/n on input line 94.
LaTeX Font Info:    Try loading font information for TS1+cmr on input line 94.
 ("C:\linux\MiKTeX 2.9\tex\latex\base\ts1cmr.fd"
File: ts1cmr.fd 2014/09/29 v2.5h Standard LaTeX font definitions
)
LaTeX Font Info:    ... okay on input line 94.

*geometry* driver: auto-detecting
*geometry* detected driver: pdftex
*geometry* verbose mode - [ preamble ] result:
* driver: pdftex
* paper: <default>
* layout: <same size as paper>
* layoutoffset:(h,v)=(0.0pt,0.0pt)
* modes: 
* h-part:(L,W,R)=(90.3375pt, 433.62001pt, 90.3375pt)
* v-part:(T,H,B)=(72.26999pt, 632.3625pt, 90.3375pt)
* \paperwidth=614.295pt
* \paperheight=794.96999pt
* \textwidth=433.62001pt
* \textheight=632.3625pt
* \oddsidemargin=18.0675pt
* \evensidemargin=18.0675pt
* \topmargin=-37.0pt
* \headheight=12.0pt
* \headsep=25.0pt
* \topskip=12.0pt
* \footskip=30.0pt
* \marginparwidth=44.0pt
* \marginparsep=10.0pt
* \columnsep=10.0pt
* \skip\footins=10.8pt plus 4.0pt minus 2.0pt
* \hoffset=0.0pt
* \voffset=0.0pt
* \mag=1000
* \@twocolumnfalse
* \@twosidefalse
* \@mparswitchfalse
* \@reversemarginfalse
* (1in=72.27pt=25.4mm, 1cm=28.453pt)


("C:\linux\MiKTeX 2.9\tex\latex\beamer\base\translator\dicts\translator-basic-d
ictionary\translator-basic-dictionary-English.dict"
Dictionary: translator-basic-dictionary, Language: English 
)
("C:\linux\MiKTeX 2.9\tex\latex\siunitx\siunitx-abbreviations.cfg"
File: siunitx-abbreviations.cfg 2016/03/01 v2.6q siunitx: Abbreviated units
)
\AtBeginShipoutBox=\box88
Package hyperref Info: Link coloring OFF on input line 94.

("C:\linux\MiKTeX 2.9\tex\latex\hyperref\nameref.sty"
Package: nameref 2012/10/27 v2.43 Cross-referencing by name of section

("C:\linux\MiKTeX 2.9\tex\generic\oberdiek\gettitlestring.sty"
Package: gettitlestring 2010/12/03 v1.4 Cleanup title references (HO)
)
\c@section@level=\count182
)
LaTeX Info: Redefining \ref on input line 94.
LaTeX Info: Redefining \pageref on input line 94.
LaTeX Info: Redefining \nameref on input line 94.

(muonTelescope.out) (muonTelescope.out)
\@outlinefile=\write4
\openout4 = `muonTelescope.out'.


("C:\linux\MiKTeX 2.9\tex\context\base\supp-pdf.mkii"
[Loading MPS to PDF converter (version 2006.09.02).]
\scratchcounter=\count183
\scratchdimen=\dimen295
\scratchbox=\box89
\nofMPsegments=\count184
\nofMParguments=\count185
\everyMPshowfont=\toks36
\MPscratchCnt=\count186
\MPscratchDim=\dimen296
\MPnumerator=\count187
\makeMPintoPDFobject=\count188
\everyMPtoPDFconversion=\toks37
) ABD: EveryShipout initializing macros
\c@lstlisting=\count189
\c__siunitx_mathsf_int=\count190
LaTeX Font Info:    External font `cmex10' loaded for size
(Font)              <12> on input line 94.
LaTeX Font Info:    External font `cmex10' loaded for size
(Font)              <8> on input line 94.
LaTeX Font Info:    External font `cmex10' loaded for size
(Font)              <6> on input line 94.
\c__siunitx_mathtt_int=\count191
LaTeX Font Info:    External font `cmex10' loaded for size
(Font)              <14.4> on input line 97.
LaTeX Font Info:    External font `cmex10' loaded for size
(Font)              <7> on input line 97.
 [1

{C:/Users/sawaiz/AppData/Local/MiKTeX/2.9/pdftex/config/pdftex.map}] (muonTeles
cope.toc)
\tf@toc=\write5
\openout5 = `muonTelescope.toc'.

pdfTeX warning (ext4): destination with the same identifier (name{page.1}) has 
been already used, duplicate ignored
<to be read again> 
                   \relax 
l.99 \begin{abstract}
                      [1

]pdfTeX warning (ext4): destination with the same identifier (name{page.1}) has
 been already used, duplicate ignored
<to be read again> 
                   \relax 
l.101 \end{abstract}
                     [1]
Chapter 1.
(tex/scintillatorPanel/scintillatorPanel.tex
<./tex/scintillatorPanel/img/scintillatorPanel.png, id=128, 2890.04718pt x 1852
.67157pt>
File: ./tex/scintillatorPanel/img/scintillatorPanel.png Graphic file (type png)

 <use ./tex/scintillatorPanel/img/scintillatorPanel.png>
Package pdftex.def Info: ./tex/scintillatorPanel/img/scintillatorPanel.png used
 on input line 4.
(pdftex.def)             Requested size: 346.89732pt x 222.36754pt.
pdfTeX warning (ext4): destination with the same identifier (name{page.1}) has 
been already used, duplicate ignored
<to be read again> 
                   \relax 
l.8 
     [1

 <./tex/scintillatorPanel/img/scintillatorPanel.png>]
<./tex/scintillatorPanel/img/scintillatorPaneExploded.png, id=137, 1926.44719pt
 x 2096.58281pt>
File: ./tex/scintillatorPanel/img/scintillatorPaneExploded.png Graphic file (ty
pe png)

<use ./tex/scintillatorPanel/img/scintillatorPaneExploded.png>
Package pdftex.def Info: ./tex/scintillatorPanel/img/scintillatorPaneExploded.p
ng used on input line 18.
(pdftex.def)             Requested size: 346.89732pt x 377.52858pt.


LaTeX Warning: `!h' float specifier changed to `!ht'.

) [2] (tex/mppcSensor/mppcSensor.tex
<./tex/mppcSensor/img/mppcSensorISOAssembled.png, id=145, 2289.30281pt x 1918.9
1907pt>
File: ./tex/mppcSensor/img/mppcSensorISOAssembled.png Graphic file (type png)
 <use ./tex/mppcSensor/img/mppcSensorISOAssembled.png>
Package pdftex.def Info: ./tex/mppcSensor/img/mppcSensorISOAssembled.png used o
n input line 5.
(pdftex.def)             Requested size: 346.89732pt x 290.75346pt.


LaTeX Warning: `!h' float specifier changed to `!ht'.

[3 <./tex/scintillatorPanel/img/scintillatorPaneExploded.png>]

LaTeX Warning: `h' float specifier changed to `ht'.


<./tex/mppcSensor/img/mppcSensorISO2.png, id=168, 2916.39563pt x 2164.33594pt>
File: ./tex/mppcSensor/img/mppcSensorISO2.png Graphic file (type png)

<use ./tex/mppcSensor/img/mppcSensorISO2.png>
Package pdftex.def Info: ./tex/mppcSensor/img/mppcSensorISO2.png used on input 
line 39.
(pdftex.def)             Requested size: 346.89732pt x 257.43037pt.


LaTeX Warning: `!h' float specifier changed to `!ht'.

<./tex/mppcSensor/img/sensorSchematic.jpg, id=169, 1130.2225pt x 834.11626pt>
File: ./tex/mppcSensor/img/sensorSchematic.jpg Graphic file (type jpg)

<use ./tex/mppcSensor/img/sensorSchematic.jpg>
Package pdftex.def Info: ./tex/mppcSensor/img/sensorSchematic.jpg used on input
 line 40.
(pdftex.def)             Requested size: 346.89732pt x 256.0024pt.


LaTeX Warning: `!h' float specifier changed to `!ht'.


<./tex/mppcSensor/img/connectorsSchematic.jpg, id=170, 571.13374pt x 573.14125p
t>
File: ./tex/mppcSensor/img/connectorsSchematic.jpg Graphic file (type jpg)
 <use ./tex/mppcSensor/img/connectorsSchematic.jpg>
Package pdftex.def Info: ./tex/mppcSensor/img/connectorsSchematic.jpg used on i
nput line 41.
(pdftex.def)             Requested size: 346.89732pt x 348.12018pt.


LaTeX Warning: `!h' float specifier changed to `!ht'.


LaTeX Warning: `h' float specifier changed to `ht'.

<./tex/mppcSensor/img/mppcSensorPinout.png, id=173, 71.12573pt x 19.93448pt>
File: ./tex/mppcSensor/img/mppcSensorPinout.png Graphic file (type png)

<use ./tex/mppcSensor/img/mppcSensorPinout.png>
Package pdftex.def Info: ./tex/mppcSensor/img/mppcSensorPinout.png used on inpu
t line 64.
(pdftex.def)             Requested size: 346.89732pt x 97.2259pt.


LaTeX Warning: `!h' float specifier changed to `!ht'.


LaTeX Warning: `h' float specifier changed to `ht'.


LaTeX Warning: `h' float specifier changed to `ht'.


<./tex/mppcSensor/img/mppcSensorISO1.png, id=176, 3295.81313pt x 2446.64063pt>
File: ./tex/mppcSensor/img/mppcSensorISO1.png Graphic file (type png)

<use ./tex/mppcSensor/img/mppcSensorISO1.png>
Package pdftex.def Info: ./tex/mppcSensor/img/mppcSensorISO1.png used on input 
line 103.
(pdftex.def)             Requested size: 346.89732pt x 257.4835pt.


LaTeX Warning: `!h' float specifier changed to `!ht'.

) [4 <./tex/mppcSensor/img/mppcSensorISOAssembled.png>]
(tex/mppcHighVoltage/mppcHighVoltage.tex
<./tex/mppcHighVoltage/img/withEMIshield.jpg, id=186, 1435.3625pt x 828.09375pt
>
File: ./tex/mppcHighVoltage/img/withEMIshield.jpg Graphic file (type jpg)
 <use ./tex/mppcHighVoltage/img/withEMIshield.jpg>
Package pdftex.def Info: ./tex/mppcHighVoltage/img/withEMIshield.jpg used on in
put line 5.
(pdftex.def)             Requested size: 346.89732pt x 200.12384pt.


LaTeX Warning: `!h' float specifier changed to `!ht'.

[5 <./tex/mppcSensor/img/mppcSensorISO2.png>]
Missing character: There is no  in font cmr12!
Missing character: There is no  in font cmr12!
Missing character: There is no  in font cmr12!
Missing character: There is no  in font cmr12!
Missing character: There is no  in font cmr12!
Missing character: There is no  in font cmr12!
Missing character: There is no  in font cmr12!
Missing character: There is no  in font cmr12!
Missing character: There is no  in font cmr12!
Missing character: There is no  in font cmr12!
Missing character: There is no  in font cmr12!
Missing character: There is no  in font cmr12!


LaTeX Warning: `h' float specifier changed to `ht'.


<./tex/mppcHighVoltage/img/noShieldFront.jpg, id=221, 1688.3075pt x 828.09375pt
>
File: ./tex/mppcHighVoltage/img/noShieldFront.jpg Graphic file (type jpg)
 <use ./tex/mppcHighVoltage/img/noShieldFront.jpg>
Package pdftex.def Info: ./tex/mppcHighVoltage/img/noShieldFront.jpg used on in
put line 50.
(pdftex.def)             Requested size: 346.89732pt x 170.13939pt.


LaTeX Warning: `!h' float specifier changed to `!ht'.


<./tex/mppcHighVoltage/img/hvSchematic.jpg, id=224, 1455.4375pt x 980.66376pt>
File: ./tex/mppcHighVoltage/img/hvSchematic.jpg Graphic file (type jpg)

<use ./tex/mppcHighVoltage/img/hvSchematic.jpg>
Package pdftex.def Info: ./tex/mppcHighVoltage/img/hvSchematic.jpg used on inpu
t line 55.
(pdftex.def)             Requested size: 346.89732pt x 233.73306pt.


LaTeX Warning: `!h' float specifier changed to `!ht'.

[6 <./tex/mppcSensor/img/sensorSchematic.jpg>]
<./tex/mppcHighVoltage/img/assemblySchematic.jpg, id=236, 1006.76125pt x 698.61
pt>
File: ./tex/mppcHighVoltage/img/assemblySchematic.jpg Graphic file (type jpg)
 <use ./tex/mppcHighVoltage/img/assemblySchematic.jpg>
Package pdftex.def Info: ./tex/mppcHighVoltage/img/assemblySchematic.jpg used o
n input line 60.
(pdftex.def)             Requested size: 346.89732pt x 240.71156pt.
 [7 <./tex/mppcSensor/img/connectorsSchematic.jpg> <./tex/mppcSensor/img/mppcSe
nsorPinout.png (PNG copy)>]

LaTeX Warning: `!h' float specifier changed to `!ht'.


LaTeX Warning: `!h' float specifier changed to `!ht'.

(C:\Users\sawaiz\AppData\Roaming\MiKTeX\2.9\tex\latex\listings\lstlang1.sty
File: lstlang1.sty 2015/06/04 1.6 listings language file
)
(C:\Users\sawaiz\AppData\Roaming\MiKTeX\2.9\tex\latex\listings\lstlang1.sty
File: lstlang1.sty 2015/06/04 1.6 listings language file
)
(C:\Users\sawaiz\AppData\Roaming\MiKTeX\2.9\tex\latex\listings\lstmisc.sty
File: lstmisc.sty 2015/06/04 1.6 (Carsten Heinz)
)
Package hyperref Info: bookmark level for unknown lstlisting defaults to 0 on i
nput line 87.

(tex/mppcHighVoltage/source/max1932.ino [8]
LaTeX Font Info:    Try loading font information for OML+cmr on input line 2.

("C:\linux\MiKTeX 2.9\tex\latex\base\omlcmr.fd"
File: omlcmr.fd 2014/09/29 v2.5h Standard LaTeX font definitions
)
LaTeX Font Info:    Font shape `OML/cmr/m/n' in size <10> not available
(Font)              Font shape `OML/cmm/m/it' tried instead on input line 2.
 [9 <./tex/mppcSensor/img/mppcSensorISO1.png> <./tex/mppcHighVoltage/img/withEM
Ishield.jpg>]
LaTeX Font Info:    Try loading font information for OMS+cmr on input line 8.

("C:\linux\MiKTeX 2.9\tex\latex\base\omscmr.fd"
File: omscmr.fd 2014/09/29 v2.5h Standard LaTeX font definitions
)
LaTeX Font Info:    Font shape `OMS/cmr/m/n' in size <10> not available
(Font)              Font shape `OMS/cmsy/m/n' tried instead on input line 8.
 [10 <./tex/mppcHighVoltage/img/noShieldFront.jpg>]) [11 <./tex/mppcHighVoltage
/img/hvSchematic.jpg> <./tex/mppcHighVoltage/img/assemblySchematic.jpg>]
(tex/mppcHighVoltage/source/nau7802.ino) [12]
<./tex/mppcHighVoltage/img/mppcBack.jpg, id=329, 1710.39pt x 822.07124pt>
File: ./tex/mppcHighVoltage/img/mppcBack.jpg Graphic file (type jpg)

<use ./tex/mppcHighVoltage/img/mppcBack.jpg>
Package pdftex.def Info: ./tex/mppcHighVoltage/img/mppcBack.jpg used on input l
ine 94.
(pdftex.def)             Requested size: 346.89732pt x 166.71939pt.
 [13 <./tex/mppcHighVoltage/img/mppcBack.jpg>] (tex/mppcHighVoltage/source/nau7
802/nau7802.h
LaTeX Font Info:    Font shape `OML/cmr/m/n' in size <6> not available
(Font)              Font shape `OML/cmm/m/it' tried instead on input line 10.
 [14

]
LaTeX Font Info:    Font shape `OMS/cmr/m/n' in size <6> not available
(Font)              Font shape `OMS/cmsy/m/n' tried instead on input line 107.
 [15] [16])
(tex/mppcHighVoltage/source/nau7802/nau7802.cpp [17] [18] [19] [20] [21])
[22]) (tex/mppcInterface/mppcInterface.tex
<./tex/mppcInterface/img/mppcInterfaceTopISO.png, id=862, 2794.44pt x 1634.3559
4pt>
File: ./tex/mppcInterface/img/mppcInterfaceTopISO.png Graphic file (type png)
 <use ./tex/mppcInterface/img/mppcInterfaceTopISO.png>
Package pdftex.def Info: ./tex/mppcInterface/img/mppcInterfaceTopISO.png used o
n input line 5.
(pdftex.def)             Requested size: 346.89732pt x 202.87251pt.
 [23

 <./tex/mppcInterface/img/mppcInterfaceTopISO.png>]
<./tex/mppcInterface/img/mppcInterfaceBottom.png, id=870, 2486.53969pt x 2125.9
425pt>
File: ./tex/mppcInterface/img/mppcInterfaceBottom.png Graphic file (type png)
 <use ./tex/mppcInterface/img/mppcInterfaceBottom.png>
Package pdftex.def Info: ./tex/mppcInterface/img/mppcInterfaceBottom.png used o
n input line 19.
(pdftex.def)             Requested size: 346.89732pt x 296.55943pt.

<./tex/mppcInterface/img/mppcInterfaceBottomISO.png, id=871, 2794.44pt x 2098.0
8844pt>
File: ./tex/mppcInterface/img/mppcInterfaceBottomISO.png Graphic file (type png
)
 <use ./tex/mppcInterface/img/mppcInterfaceBottomISO.png>
Package pdftex.def Info: ./tex/mppcInterface/img/mppcInterfaceBottomISO.png use
d on input line 27.
(pdftex.def)             Requested size: 346.89732pt x 260.4356pt.


LaTeX Warning: `!h' float specifier changed to `!ht'.

[24 <./tex/mppcInterface/img/mppcInterfaceBottom.png>]) [25 <./tex/mppcInterfac
e/img/mppcInterfaceBottomISO.png>] (tex/frame/frame.tex
LaTeX Font Info:    Calculating math sizes for size <8.39996> on input line 7.


LaTeX Font Warning: Font shape `OT1/cmr/m/n' in size <4.19998> not available
(Font)              size <5> substituted on input line 7.


LaTeX Font Warning: Font shape `OML/cmm/m/it' in size <4.19998> not available
(Font)              size <5> substituted on input line 7.


LaTeX Font Warning: Font shape `OMS/cmsy/m/n' in size <4.19998> not available
(Font)              size <5> substituted on input line 7.

LaTeX Font Info:    External font `cmex10' loaded for size
(Font)              <8.39996> on input line 7.
LaTeX Font Info:    External font `cmex10' loaded for size
(Font)              <5.87994> on input line 7.
LaTeX Font Info:    External font `cmex10' loaded for size
(Font)              <4.19998> on input line 7.

LaTeX Font Warning: Font shape `OT1/cmss/m/n' in size <4.19998> not available
(Font)              size <5> substituted on input line 7.


LaTeX Font Warning: Font shape `OT1/cmtt/m/n' in size <4.19998> not available
(Font)              size <5> substituted on input line 7.

) [26] [27]
Chapter 2.
(tex/assembly/assembly.tex

pdfTeX warning: pdflatex (file ./tex/assembly/mppcInterfaceAssembly.pdf): PDF i
nclusion: found PDF version <1.7>, but at most version <1.5> allowed
<./tex/assembly/mppcInterfaceAssembly.pdf, id=903, 614.295pt x 794.97pt>
File: ./tex/assembly/mppcInterfaceAssembly.pdf Graphic file (type pdf)

<use ./tex/assembly/mppcInterfaceAssembly.pdf>
Package pdftex.def Info: ./tex/assembly/mppcInterfaceAssembly.pdf used on input
 line 1.
(pdftex.def)             Requested size: 614.29349pt x 794.96806pt.


pdfTeX warning: pdflatex (file ./tex/assembly/mppcInterfaceAssembly.pdf): PDF i
nclusion: found PDF version <1.7>, but at most version <1.5> allowed
File: ./tex/assembly/mppcInterfaceAssembly.pdf Graphic file (type pdf)
<use ./tex/assembly/mppcInterfaceAssembly.pdf>
Package pdftex.def Info: ./tex/assembly/mppcInterfaceAssembly.pdf used on input
 line 1.
(pdftex.def)             Requested size: 614.29349pt x 794.96806pt.


pdfTeX warning: pdflatex (file ./tex/assembly/mppcInterfaceAssembly.pdf): PDF i
nclusion: found PDF version <1.7>, but at most version <1.5> allowed


pdfTeX warning: pdflatex (file ./tex/assembly/mppcInterfaceAssembly.pdf): PDF i
nclusion: found PDF version <1.7>, but at most version <1.5> allowed

<./tex/assembly/mppcInterfaceAssembly.pdf, id=906, page=1, 614.295pt x 794.97pt
>
File: ./tex/assembly/mppcInterfaceAssembly.pdf Graphic file (type pdf)
 <use ./tex/assembly/mppcInterfaceAssembly.pdf, page 1>
Package pdftex.def Info: ./tex/assembly/mppcInterfaceAssembly.pdf, page1 used o
n input line 1.
(pdftex.def)             Requested size: 614.29349pt x 794.96806pt.
File: ./tex/assembly/mppcInterfaceAssembly.pdf Graphic file (type pdf)

<use ./tex/assembly/mppcInterfaceAssembly.pdf, page 1>
Package pdftex.def Info: ./tex/assembly/mppcInterfaceAssembly.pdf, page1 used o
n input line 1.
(pdftex.def)             Requested size: 475.25821pt x 615.04005pt.
 [28

]
File: ./tex/assembly/mppcInterfaceAssembly.pdf Graphic file (type pdf)

<use ./tex/assembly/mppcInterfaceAssembly.pdf, page 1>
Package pdftex.def Info: ./tex/assembly/mppcInterfaceAssembly.pdf, page1 used o
n input line 1.
(pdftex.def)             Requested size: 475.25821pt x 615.04005pt.
File: ./tex/assembly/mppcInterfaceAssembly.pdf Graphic file (type pdf)

<use ./tex/assembly/mppcInterfaceAssembly.pdf, page 1>
Package pdftex.def Info: ./tex/assembly/mppcInterfaceAssembly.pdf, page1 used o
n input line 1.
(pdftex.def)             Requested size: 475.25821pt x 615.04005pt.
File: ./tex/assembly/mppcInterfaceAssembly.pdf Graphic file (type pdf)

<use ./tex/assembly/mppcInterfaceAssembly.pdf, page 1>
Package pdftex.def Info: ./tex/assembly/mppcInterfaceAssembly.pdf, page1 used o
n input line 1.
(pdftex.def)             Requested size: 475.25821pt x 615.04005pt.
 [29 <./tex/assembly/mppcInterfaceAssembly.pdf>]

pdfTeX warning: pdflatex (file ./tex/assembly/mppcInterfaceAssembly.pdf): PDF i
nclusion: found PDF version <1.7>, but at most version <1.5> allowed

<./tex/assembly/mppcInterfaceAssembly.pdf, id=919, page=2, 614.295pt x 794.97pt
>
File: ./tex/assembly/mppcInterfaceAssembly.pdf Graphic file (type pdf)
 <use ./tex/assembly/mppcInterfaceAssembly.pdf, page 2>
Package pdftex.def Info: ./tex/assembly/mppcInterfaceAssembly.pdf, page2 used o
n input line 1.
(pdftex.def)             Requested size: 475.25821pt x 615.04005pt.
File: ./tex/assembly/mppcInterfaceAssembly.pdf Graphic file (type pdf)

<use ./tex/assembly/mppcInterfaceAssembly.pdf, page 2>
Package pdftex.def Info: ./tex/assembly/mppcInterfaceAssembly.pdf, page2 used o
n input line 1.
(pdftex.def)             Requested size: 475.25821pt x 615.04005pt.
File: ./tex/assembly/mppcInterfaceAssembly.pdf Graphic file (type pdf)

<use ./tex/assembly/mppcInterfaceAssembly.pdf, page 2>
Package pdftex.def Info: ./tex/assembly/mppcInterfaceAssembly.pdf, page2 used o
n input line 1.
(pdftex.def)             Requested size: 475.25821pt x 615.04005pt.
 [30 <./tex/assembly/mppcInterfaceAssembly.pdf>]

pdfTeX warning: pdflatex (file ./tex/assembly/frameAssembly.pdf): PDF inclusion
: found PDF version <1.7>, but at most version <1.5> allowed
<./tex/assembly/frameAssembly.pdf, id=926, 614.295pt x 794.97pt>
File: ./tex/assembly/frameAssembly.pdf Graphic file (type pdf)

<use ./tex/assembly/frameAssembly.pdf>
Package pdftex.def Info: ./tex/assembly/frameAssembly.pdf used on input line 2.

(pdftex.def)             Requested size: 614.29349pt x 794.96806pt.


pdfTeX warning: pdflatex (file ./tex/assembly/frameAssembly.pdf): PDF inclusion
: found PDF version <1.7>, but at most version <1.5> allowed
File: ./tex/assembly/frameAssembly.pdf Graphic file (type pdf)
<use ./tex/assembly/frameAssembly.pdf>
Package pdftex.def Info: ./tex/assembly/frameAssembly.pdf used on input line 2.

(pdftex.def)             Requested size: 614.29349pt x 794.96806pt.


pdfTeX warning: pdflatex (file ./tex/assembly/frameAssembly.pdf): PDF inclusion
: found PDF version <1.7>, but at most version <1.5> allowed


pdfTeX warning: pdflatex (file ./tex/assembly/frameAssembly.pdf): PDF inclusion
: found PDF version <1.7>, but at most version <1.5> allowed
<./tex/assembly/frameAssembly.pdf, id=929, page=1, 614.295pt x 794.97pt>
File: ./tex/assembly/frameAssembly.pdf Graphic file (type pdf)

<use ./tex/assembly/frameAssembly.pdf, page 1>
Package pdftex.def Info: ./tex/assembly/frameAssembly.pdf, page1 used on input 
line 2.
(pdftex.def)             Requested size: 614.29349pt x 794.96806pt.
File: ./tex/assembly/frameAssembly.pdf Graphic file (type pdf)

<use ./tex/assembly/frameAssembly.pdf, page 1>
Package pdftex.def Info: ./tex/assembly/frameAssembly.pdf, page1 used on input 
line 2.
(pdftex.def)             Requested size: 475.25821pt x 615.04005pt.
File: ./tex/assembly/frameAssembly.pdf Graphic file (type pdf)

<use ./tex/assembly/frameAssembly.pdf, page 1>
Package pdftex.def Info: ./tex/assembly/frameAssembly.pdf, page1 used on input 
line 2.
(pdftex.def)             Requested size: 475.25821pt x 615.04005pt.
File: ./tex/assembly/frameAssembly.pdf Graphic file (type pdf)

<use ./tex/assembly/frameAssembly.pdf, page 1>
Package pdftex.def Info: ./tex/assembly/frameAssembly.pdf, page1 used on input 
line 2.
(pdftex.def)             Requested size: 475.25821pt x 615.04005pt.
File: ./tex/assembly/frameAssembly.pdf Graphic file (type pdf)

<use ./tex/assembly/frameAssembly.pdf, page 1>
Package pdftex.def Info: ./tex/assembly/frameAssembly.pdf, page1 used on input 
line 2.
(pdftex.def)             Requested size: 475.25821pt x 615.04005pt.
 [31 <./tex/assembly/frameAssembly.pdf>]

pdfTeX warning: pdflatex (file ./tex/assembly/frameAssembly.pdf): PDF inclusion
: found PDF version <1.7>, but at most version <1.5> allowed
<./tex/assembly/frameAssembly.pdf, id=937, page=2, 614.295pt x 794.97pt>
File: ./tex/assembly/frameAssembly.pdf Graphic file (type pdf)

<use ./tex/assembly/frameAssembly.pdf, page 2>
Package pdftex.def Info: ./tex/assembly/frameAssembly.pdf, page2 used on input 
line 2.
(pdftex.def)             Requested size: 475.25821pt x 615.04005pt.
File: ./tex/assembly/frameAssembly.pdf Graphic file (type pdf)

<use ./tex/assembly/frameAssembly.pdf, page 2>
Package pdftex.def Info: ./tex/assembly/frameAssembly.pdf, page2 used on input 
line 2.
(pdftex.def)             Requested size: 475.25821pt x 615.04005pt.
File: ./tex/assembly/frameAssembly.pdf Graphic file (type pdf)

<use ./tex/assembly/frameAssembly.pdf, page 2>
Package pdftex.def Info: ./tex/assembly/frameAssembly.pdf, page2 used on input 
line 2.
(pdftex.def)             Requested size: 475.25821pt x 615.04005pt.
 [32 <./tex/assembly/frameAssembly.pdf>]

pdfTeX warning: pdflatex (file ./tex/assembly/frameAssembly.pdf): PDF inclusion
: found PDF version <1.7>, but at most version <1.5> allowed
<./tex/assembly/frameAssembly.pdf, id=944, page=3, 614.295pt x 794.97pt>
File: ./tex/assembly/frameAssembly.pdf Graphic file (type pdf)

<use ./tex/assembly/frameAssembly.pdf, page 3>
Package pdftex.def Info: ./tex/assembly/frameAssembly.pdf, page3 used on input 
line 2.
(pdftex.def)             Requested size: 475.25821pt x 615.04005pt.
File: ./tex/assembly/frameAssembly.pdf Graphic file (type pdf)

<use ./tex/assembly/frameAssembly.pdf, page 3>
Package pdftex.def Info: ./tex/assembly/frameAssembly.pdf, page3 used on input 
line 2.
(pdftex.def)             Requested size: 475.25821pt x 615.04005pt.
File: ./tex/assembly/frameAssembly.pdf Graphic file (type pdf)

<use ./tex/assembly/frameAssembly.pdf, page 3>
Package pdftex.def Info: ./tex/assembly/frameAssembly.pdf, page3 used on input 
line 2.
(pdftex.def)             Requested size: 475.25821pt x 615.04005pt.
 [33 <./tex/assembly/frameAssembly.pdf>]

pdfTeX warning: pdflatex (file ./tex/assembly/frameAssembly.pdf): PDF inclusion
: found PDF version <1.7>, but at most version <1.5> allowed
<./tex/assembly/frameAssembly.pdf, id=951, page=4, 614.295pt x 794.97pt>
File: ./tex/assembly/frameAssembly.pdf Graphic file (type pdf)

<use ./tex/assembly/frameAssembly.pdf, page 4>
Package pdftex.def Info: ./tex/assembly/frameAssembly.pdf, page4 used on input 
line 2.
(pdftex.def)             Requested size: 475.25821pt x 615.04005pt.
File: ./tex/assembly/frameAssembly.pdf Graphic file (type pdf)

<use ./tex/assembly/frameAssembly.pdf, page 4>
Package pdftex.def Info: ./tex/assembly/frameAssembly.pdf, page4 used on input 
line 2.
(pdftex.def)             Requested size: 475.25821pt x 615.04005pt.
File: ./tex/assembly/frameAssembly.pdf Graphic file (type pdf)

<use ./tex/assembly/frameAssembly.pdf, page 4>
Package pdftex.def Info: ./tex/assembly/frameAssembly.pdf, page4 used on input 
line 2.
(pdftex.def)             Requested size: 475.25821pt x 615.04005pt.
 [34 <./tex/assembly/frameAssembly.pdf>]

pdfTeX warning: pdflatex (file ./tex/assembly/frameAssembly.pdf): PDF inclusion
: found PDF version <1.7>, but at most version <1.5> allowed
<./tex/assembly/frameAssembly.pdf, id=959, page=5, 614.295pt x 794.97pt>
File: ./tex/assembly/frameAssembly.pdf Graphic file (type pdf)

<use ./tex/assembly/frameAssembly.pdf, page 5>
Package pdftex.def Info: ./tex/assembly/frameAssembly.pdf, page5 used on input 
line 2.
(pdftex.def)             Requested size: 475.25821pt x 615.04005pt.
File: ./tex/assembly/frameAssembly.pdf Graphic file (type pdf)

<use ./tex/assembly/frameAssembly.pdf, page 5>
Package pdftex.def Info: ./tex/assembly/frameAssembly.pdf, page5 used on input 
line 2.
(pdftex.def)             Requested size: 475.25821pt x 615.04005pt.
File: ./tex/assembly/frameAssembly.pdf Graphic file (type pdf)

<use ./tex/assembly/frameAssembly.pdf, page 5>
Package pdftex.def Info: ./tex/assembly/frameAssembly.pdf, page5 used on input 
line 2.
(pdftex.def)             Requested size: 475.25821pt x 615.04005pt.
 [35 <./tex/assembly/frameAssembly.pdf>])
Chapter 3.
(tex/structure/structure.tex [36

] [37]) [38]
Package atveryend Info: Empty hook `BeforeClearDocument' on input line 123.
Package atveryend Info: Empty hook `AfterLastShipout' on input line 123.
 (muonTelescope.aux)
Package atveryend Info: Executing hook `AtVeryEndDocument' on input line 123.
Package atveryend Info: Executing hook `AtEndAfterFileList' on input line 123.
Package rerunfilecheck Info: File `muonTelescope.out' has not changed.
(rerunfilecheck)             Checksum: 8E5419E97A063AB0B491DD051B5B907F;1261.


LaTeX Font Warning: Size substitutions with differences
(Font)              up to 2.90001pt have occurred.


LaTeX Warning: There were multiply-defined labels.

Package atveryend Info: Empty hook `AtVeryVeryEnd' on input line 123.
 ) 
Here is how much of TeX's memory you used:
 32140 strings out of 493634
 654995 string characters out of 3146982
 1481436 words of memory out of 3000000
 34390 multiletter control sequences out of 15000+200000
 13840 words of font info for 50 fonts, out of 3000000 for 9000
 1025 hyphenation exceptions out of 8191
 55i,20n,100p,10387b,2313s stack positions out of 5000i,500n,10000p,200000b,50000s
 <C:\Users\sawaiz\AppData\Local\MiKTeX\2.9\fonts\pk\ljfour\jknappen\ec\dpi600
\tcrm1200.pk> <C:\Users\sawaiz\AppData\Local\MiKTeX\2.9\fonts\pk\ljfour\jknappe
n\ec\dpi600\tcrm0600.pk><C:/linux/MiKTeX 2.9/fonts/type1/public/amsfonts/cm/cmb
x12.pfb><C:/linux/MiKTeX 2.9/fonts/type1/public/amsfonts/cm/cmbxti10.pfb><C:/li
nux/MiKTeX 2.9/fonts/type1/public/amsfonts/cm/cmmi10.pfb><C:/linux/MiKTeX 2.9/f
onts/type1/public/amsfonts/cm/cmmi12.pfb><C:/linux/MiKTeX 2.9/fonts/type1/publi
c/amsfonts/cm/cmmi6.pfb><C:/linux/MiKTeX 2.9/fonts/type1/public/amsfonts/cm/cmm
i8.pfb><C:/linux/MiKTeX 2.9/fonts/type1/public/amsfonts/cm/cmr10.pfb><C:/linux/
MiKTeX 2.9/fonts/type1/public/amsfonts/cm/cmr12.pfb><C:/linux/MiKTeX 2.9/fonts/
type1/public/amsfonts/cm/cmr17.pfb><C:/linux/MiKTeX 2.9/fonts/type1/public/amsf
onts/cm/cmr6.pfb><C:/linux/MiKTeX 2.9/fonts/type1/public/amsfonts/cm/cmr8.pfb><
C:/linux/MiKTeX 2.9/fonts/type1/public/amsfonts/cm/cmsy10.pfb><C:/linux/MiKTeX 
2.9/fonts/type1/public/amsfonts/cm/cmsy6.pfb><C:/linux/MiKTeX 2.9/fonts/type1/p
ublic/amsfonts/cm/cmti12.pfb><C:/linux/MiKTeX 2.9/fonts/type1/public/amsfonts/c
m/cmti8.pfb><C:/linux/MiKTeX 2.9/fonts/type1/public/amsfonts/cm/cmtt12.pfb>
Output written on muonTelescope.pdf (41 pages, 20444404 bytes).
PDF statistics:
 1176 PDF objects out of 1200 (max. 8388607)
 621 named destinations out of 1000 (max. 500000)
 326 words of extra memory for PDF output out of 10000 (max. 10000000)

