\BOOKMARK [0][-]{chapter.1}{Components}{}% 1
\BOOKMARK [1][-]{section.1.1}{Scintillator Panel}{chapter.1}% 2
\BOOKMARK [2][-]{subsection.1.1.1}{Theory}{section.1.1}% 3
\BOOKMARK [2][-]{subsection.1.1.2}{Assembly}{section.1.1}% 4
\BOOKMARK [1][-]{section.1.2}{MPPC Sensor}{chapter.1}% 5
\BOOKMARK [2][-]{subsection.1.2.1}{Hardware}{section.1.2}% 6
\BOOKMARK [2][-]{subsection.1.2.2}{Cable}{section.1.2}% 7
\BOOKMARK [1][-]{section.1.3}{MPPC High Voltage Supply}{chapter.1}% 8
\BOOKMARK [2][-]{subsection.1.3.1}{Hardware}{section.1.3}% 9
\BOOKMARK [2][-]{subsection.1.3.2}{Software}{section.1.3}% 10
\BOOKMARK [1][-]{section.1.4}{MPPC Interface}{chapter.1}% 11
\BOOKMARK [2][-]{subsection.1.4.1}{Hardware}{section.1.4}% 12
\BOOKMARK [2][-]{subsection.1.4.2}{Software}{section.1.4}% 13
\BOOKMARK [1][-]{section.1.5}{Frame}{chapter.1}% 14
\BOOKMARK [2][-]{subsection.1.5.1}{Construction}{section.1.5}% 15
\BOOKMARK [0][-]{chapter.2}{Assembly}{}% 16
\BOOKMARK [0][-]{chapter.3}{Software}{}% 17
\BOOKMARK [1][-]{section.3.1}{Structure}{chapter.3}% 18
\BOOKMARK [2][-]{subsection.3.1.1}{Technologies}{section.3.1}% 19
\BOOKMARK [2][-]{subsection.3.1.2}{Architecture}{section.3.1}% 20
\BOOKMARK [2][-]{subsection.3.1.3}{Operation}{section.3.1}% 21
